[2026-07-11 17:28:50] [🚨 EMERGENCY SLACK ALERT] [Channel: #mro-zone-a] 엔진 #3 경보: 유닛 #3 상태 'inspect' 이탈 (RUL: 45.0)
[2026-07-11 17:28:50] [🚨 EMERGENCY SLACK ALERT] [Channel: #mro-zone-a] 엔진 #3 경보: 유닛 #3 상태 'inspect' 이탈 (RUL: 45.0)
[2026-07-11 17:28:50] [📞 TTS VOICE CALL INITIATED] [Recipient: 김정비 과장 (010-9999-1009)] 지침 전달: 유닛 #9 상태 'danger' 이탈 (RUL: 15.0)
[2026-07-11 17:38:56] [🚨 EMERGENCY SLACK ALERT] [Channel: #mro-zone-a] 엔진 #3 경보: 유닛 #3 위험 상태 'danger' 이탈 (RUL: 18.0)
[2026-07-11 17:38:56] [🚨 EMERGENCY SLACK ALERT] [Channel: #mro-zone-a] 엔진 #3 경보: 유닛 #3 위험 상태 'danger' 이탈 (RUL: 18.0)
[2026-07-11 17:38:56] [📞 TTS VOICE CALL INITIATED] [Recipient: 김정비 과장 (010-9999-1009)] 지침 전달: 유닛 #9 위험 상태 'danger' 이탈 (RUL: 15.0)
[2026-07-11 17:44:09] [📞 TTS VOICE CALL INITIATED] [Recipient: 박팀장 팀장 (010-9999-1020)] 지침 전달: 엔진 #20에서 위험 상태가 감지되었습니다. 즉각 점검이 필요합니다.
[2026-07-11 17:44:15] [📞 TTS VOICE CALL INITIATED] [Recipient: 이대리 대리 (010-9999-1031)] 지침 전달: 긴급 경고: 엔진 #31에서 위험 상태가 감지되었습니다. 즉시 점검이 필요합니다.
[2026-07-11 17:44:21] [📞 TTS VOICE CALL INITIATED] [Recipient: 이대리 대리 (010-9999-1034)] 지침 전달: 긴급 경고: 엔진 #34에서 위험 상태가 감지되었습니다. 즉시 점검이 필요합니다.
[2026-07-11 17:44:25] [📞 TTS VOICE CALL INITIATED] [Recipient: 박팀장 팀장 (010-9999-1035)] 지침 전달: 엔진 #35에서 위험 상태가 감지되었습니다. 즉시 점검이 필요합니다.
[2026-07-11 17:44:29] [📞 TTS VOICE CALL INITIATED] [Recipient: 김정비 과장 (010-9999-1036)] 지침 전달: 긴급 경고: 엔진 #36에서 위험 상태가 감지되었습니다. 즉시 점검이 필요합니다.
[2026-07-11 17:44:36] [📞 TTS VOICE CALL INITIATED] [Recipient: 김정비 과장 (010-9999-1042)] 지침 전달: 긴급 경고: 엔진 #42에서 위험 상태가 감지되었습니다. 즉시 점검이 필요합니다.
[2026-07-11 17:44:41] [📞 TTS VOICE CALL INITIATED] [Recipient: 이대리 대리 (010-9999-1049)] 지침 전달: 긴급 경고: 엔진 #49에서 위험 상태가 감지되었습니다. 즉시 점검이 필요합니다.
[2026-07-11 17:44:47] [📞 TTS VOICE CALL INITIATED] [Recipient: 박팀장 팀장 (010-9999-1056)] 지침 전달: 엔진 #56에서 위험 상태가 감지되었습니다. 즉각 점검이 필요합니다.
[2026-07-11 17:44:55] [📞 TTS VOICE CALL INITIATED] [Recipient: 김정비 과장 (010-9999-1066)] 지침 전달: 긴급 경고: 엔진 #66에서 위험 상태가 감지되었습니다. 즉시 점검이 필요합니다.
[2026-07-11 17:45:00] [🚨 EMERGENCY SLACK ALERT] [Channel: #mro-zone-c] 엔진 #68 경보: [긴급] 엔진 #68 위험 상태 감지 - 즉각 점검 필요. RUL: 13.2. 확인 후 조치 바랍니다.
[2026-07-11 17:45:05] [🚨 EMERGENCY SLACK ALERT] [Channel: #mro-zone-b] 엔진 #76 경보: [긴급] 엔진 #76 위험 상태 감지 - 즉각 점검 필요. RUL: 11.1
[2026-07-11 17:45:10] [📞 TTS VOICE CALL INITIATED] [Recipient: 김정비 과장 (010-9999-1081)] 지침 전달: 긴급 경고: 엔진 #81에서 위험 상태가 감지되었습니다. 즉시 점검이 필요합니다.
[2026-07-11 17:45:14] [🚨 EMERGENCY SLACK ALERT] [Channel: #mro-zone-b] 엔진 #82 경보: [긴급] 엔진 #82 상태 'danger' 감지 - 즉각 점검 필요. RUL: 13.4 사이클.
[2026-07-11 17:45:20] [📞 TTS VOICE CALL INITIATED] [Recipient: 박팀장 팀장 (010-9999-1092)] 지침 전달: 긴급 경고: 엔진 #92에서 위험 상태가 감지되었습니다. 즉시 점검이 필요합니다.
[2026-07-11 17:49:36] [🚨 EMERGENCY SLACK ALERT] [Channel: #mro-zone-a] 엔진 #3 경보: 유닛 #3 위험 상태 'danger' 이탈 (연소기 노즐 마모 이상 우려) (예측 RUL: 18.0)
[2026-07-11 17:49:36] [🚨 EMERGENCY SLACK ALERT] [Channel: #mro-zone-a] 엔진 #3 경보: 유닛 #3 위험 상태 'danger' 이탈 (연소기 노즐 마모 이상 우려) (예측 RUL: 18.0)
[2026-07-11 17:49:36] [📞 TTS VOICE CALL INITIATED] [Recipient: 김정비 과장 (010-9999-1009)] 지침 전달: 유닛 #9 위험 상태 'danger' 이탈 (연소기 노즐 마모, 연소기 출구 압력 이상 우려) (예측 RUL: 15.0)
[2026-07-11 17:51:41] [🚨 EMERGENCY SLACK ALERT] [Channel: #mro-zone-a] 엔진 #3 경보: 유닛 #3 위험 상태 'danger' 이탈 (연소기 노즐 마모 이상 우려) (예측 RUL: 18.0)
[2026-07-11 17:51:41] [🚨 EMERGENCY SLACK ALERT] [Channel: #mro-zone-a] 엔진 #3 경보: 유닛 #3 위험 상태 'danger' 이탈 (연소기 노즐 마모 이상 우려) (예측 RUL: 18.0)
[2026-07-11 17:51:41] [📞 TTS VOICE CALL INITIATED] [Recipient: 김정비 과장 (010-9999-1009)] 지침 전달: 유닛 #9 위험 상태 'danger' 이탈 (연소기 노즐 마모, 연소기 출구 압력 이상 우려) (예측 RUL: 15.0)
[2026-07-11 17:52:25] [📞 TTS VOICE CALL INITIATED] [Recipient: 박팀장 팀장 (010-9999-1020)] 지침 전달: 연소기 노즐 이상 우려 및 압력 제어 문제 발생. 즉시 점검 필요.
[2026-07-11 17:52:31] [📞 TTS VOICE CALL INITIATED] [Recipient: 이대리 대리 (010-9999-1031)] 지침 전달: 엔진 #31 연소기 노즐 이상 우려, 즉시 점검 필요합니다.
[2026-07-11 17:52:37] [📞 TTS VOICE CALL INITIATED] [Recipient: 이대리 대리 (010-9999-1034)] 지침 전달: 연소기 노즐 이상 우려 및 압력 제어 문제 발생. 즉시 점검 필요.
[2026-07-11 17:52:42] [📞 TTS VOICE CALL INITIATED] [Recipient: 박팀장 팀장 (010-9999-1035)] 지침 전달: 엔진 #35에서 연소기 노즐 이상과 연소기 압력 이상이 감지되었습니다. 즉각 점검이 필요합니다.
[2026-07-11 17:53:03] [📞 TTS VOICE CALL INITIATED] [Recipient: 박팀장 팀장 (010-9999-1020)] 지침 전달: 연소기 노즐 이상 우려 및 연소기 압력 제어 이상 발생. 즉각 점검 필요.
[2026-07-11 17:53:10] [📞 TTS VOICE CALL INITIATED] [Recipient: 이대리 대리 (010-9999-1031)] 지침 전달: 엔진 #31의 연소기 노즐 이상과 연소기 압력 제어 문제로 긴급 점검이 필요합니다.
[2026-07-11 17:53:15] [📞 TTS VOICE CALL INITIATED] [Recipient: 이대리 대리 (010-9999-1034)] 지침 전달: 연소기 노즐 이상 우려 및 압력 제어 문제 발생. 즉시 점검 필요.
[2026-07-11 17:53:19] [📞 TTS VOICE CALL INITIATED] [Recipient: 박팀장 팀장 (010-9999-1035)] 지침 전달: 엔진 #35에서 연소기 노즐 이상과 연소기 압력 제어 이상이 감지되었습니다. 즉각 점검이 필요합니다.
[2026-07-11 17:53:24] [📞 TTS VOICE CALL INITIATED] [Recipient: 김정비 과장 (010-9999-1036)] 지침 전달: 연소기(Combustor) 압력 이상 및 노즐 문제 우려, 즉시 점검 필요.
[2026-07-11 17:53:31] [📞 TTS VOICE CALL INITIATED] [Recipient: 김정비 과장 (010-9999-1042)] 지침 전달: 연소기 노즐 이상 우려 및 압력 제어 문제 발생. 즉시 점검 필요.
[2026-07-11 17:53:40] [📞 TTS VOICE CALL INITIATED] [Recipient: 이대리 대리 (010-9999-1049)] 지침 전달: 엔진 #49 연소기 노즐 이상과 연소기 압력 제어 이상이 감지되었습니다. 즉각 점검이 필요합니다.
[2026-07-11 17:53:48] [📞 TTS VOICE CALL INITIATED] [Recipient: 박팀장 팀장 (010-9999-1056)] 지침 전달: 엔진 #56에서 연료 시스템 이상 감지. 즉각 점검 필요.
[2026-07-11 17:53:57] [📞 TTS VOICE CALL INITIATED] [Recipient: 김정비 과장 (010-9999-1066)] 지침 전달: 엔진 #66의 연소기 노즐 이상과 연소기 압력 제어 문제로 즉각 점검이 필요합니다.
[2026-07-11 17:54:02] [📞 TTS VOICE CALL INITIATED] [Recipient: 박팀장 팀장 (010-9999-1068)] 지침 전달: 연소기 노즐 이상 우려 및 압력 제어 문제 발생. 즉시 점검 필요.
[2026-07-11 17:54:07] [📞 TTS VOICE CALL INITIATED] [Recipient: 이대리 대리 (010-9999-1076)] 지침 전달: 엔진 #76의 연소기 압력 이상 및 노즐 문제로 긴급 점검이 필요합니다.
[2026-07-11 17:54:13] [📞 TTS VOICE CALL INITIATED] [Recipient: 김정비 과장 (010-9999-1081)] 지침 전달: 엔진 #81의 연소기 압력 이상과 연소기 노즐 및 연료 분사기 문제 발생. 즉시 점검 필요.
[2026-07-11 17:54:15] [🚨 EMERGENCY SLACK ALERT] [Channel: #mro-zone-a] 엔진 #3 경보: 유닛 #3 위험 상태 'danger' 이탈 (연소기 노즐 마모 이상 우려) (예측 RUL: 18.0)
[2026-07-11 17:54:15] [🚨 EMERGENCY SLACK ALERT] [Channel: #mro-zone-a] 엔진 #3 경보: 유닛 #3 위험 상태 'danger' 이탈 (연소기 노즐 마모 이상 우려) (예측 RUL: 18.0)
[2026-07-11 17:54:15] [📞 TTS VOICE CALL INITIATED] [Recipient: 김정비 과장 (010-9999-1009)] 지침 전달: 유닛 #9 위험 상태 'danger' 이탈 (연소기 노즐 마모, 연소기 출구 압력 이상 우려) (예측 RUL: 15.0)
[2026-07-11 17:55:11] [📞 TTS VOICE CALL INITIATED] [Recipient: 박팀장 팀장 (010-9999-1056)] 지침 전달: 엔진 #56에서 연료 시스템 이상 감지. 즉각 점검 필요.
[2026-07-11 17:55:11] [📞 TTS VOICE CALL INITIATED] [Recipient: 이대리 대리 (010-9999-1049)] 지침 전달: 엔진 #49 연소기 압력 이상 및 노즐 문제 발생. 즉시 점검 필요.
[2026-07-11 17:55:11] [📞 TTS VOICE CALL INITIATED] [Recipient: 김정비 과장 (010-9999-1042)] 지침 전달: 연소기 노즐 이상 우려 및 압력 제어 문제 발생. 즉시 점검 필요.
[2026-07-11 17:55:11] [📞 TTS VOICE CALL INITIATED] [Recipient: 김정비 과장 (010-9999-1066)] 지침 전달: 연소기(Combustor) 압력 이상 및 노즐 문제 우려, 즉시 점검 필요.
[2026-07-11 17:55:11] [📞 TTS VOICE CALL INITIATED] [Recipient: 박팀장 팀장 (010-9999-1020)] 지침 전달: 연소기 노즐 이상 우려 및 압력 제어 문제 발생. 즉시 점검 필요.
[2026-07-11 17:55:11] [📞 TTS VOICE CALL INITIATED] [Recipient: 김정비 과장 (010-9999-1036)] 지침 전달: 연소기(Combustor) 노즐 이상 우려, 즉각 점검 필요.
[2026-07-11 17:55:11] [📞 TTS VOICE CALL INITIATED] [Recipient: 이대리 대리 (010-9999-1034)] 지침 전달: 연소기 노즐 이상 우려 및 압력 제어 문제 발생. 즉시 점검 필요.
[2026-07-11 17:55:11] [📞 TTS VOICE CALL INITIATED] [Recipient: 박팀장 팀장 (010-9999-1035)] 지침 전달: 엔진 #35에서 연소기 압력 이상 및 노즐 문제 발생. 즉각 점검 필요.
[2026-07-11 17:55:11] [📞 TTS VOICE CALL INITIATED] [Recipient: 박팀장 팀장 (010-9999-1092)] 지침 전달: 연소기 노즐 이상 우려 및 압력 제어 문제 발생. 즉시 점검 필요.
[2026-07-11 17:55:11] [📞 TTS VOICE CALL INITIATED] [Recipient: 이대리 대리 (010-9999-1076)] 지침 전달: 엔진 #76 연소기 노즐 이상 우려 및 연소기 압력 제어 이상 발생. 즉각 점검 필요.
[2026-07-11 17:55:11] [📞 TTS VOICE CALL INITIATED] [Recipient: 이대리 대리 (010-9999-1031)] 지침 전달: 엔진 #31의 연소기 노즐 이상과 압력 제어 문제로 즉각 점검이 필요합니다.
[2026-07-11 17:55:11] [📞 TTS VOICE CALL INITIATED] [Recipient: 이대리 대리 (010-9999-1082)] 지침 전달: 엔진 #82 연소기 노즐 이상 우려 및 연소기 압력 제어 문제 발생. 즉시 점검 필요.
[2026-07-11 17:55:11] [📞 TTS VOICE CALL INITIATED] [Recipient: 김정비 과장 (010-9999-1081)] 지침 전달: 엔진 #81의 연소기 압력 이상 및 노즐 문제로 긴급 점검이 필요합니다.
[2026-07-11 17:55:12] [📞 TTS VOICE CALL INITIATED] [Recipient: 박팀장 팀장 (010-9999-1068)] 지침 전달: 연소기 노즐 이상 우려, 즉시 점검 필요합니다.
[2026-07-11 17:55:31] [📞 TTS VOICE CALL INITIATED] [Recipient: 이대리 대리 (010-9999-1100)] 지침 전달: 엔진 #100에서 연료 시스템 이상 감지. 즉각 점검 필요.
[2026-07-11 18:04:17] [📞 TTS VOICE CALL INITIATED] [Recipient: 이대리 대리 (010-9999-1091)] 지침 전달: 엔진 #91의 연소기 노즐 이상과 관련된 긴급 점검이 필요합니다. 즉시 확인 바랍니다.
[2026-07-11 18:04:20] [📞 TTS VOICE CALL INITIATED] [Recipient: 김정비 과장 (010-9999-1024)] 지침 전달: 엔진 #24의 연료 압력 이상이 감지되었습니다. 즉각 점검이 필요합니다.
[2026-07-11 18:04:41] [📞 TTS VOICE CALL INITIATED] [Recipient: 김정비 과장 (010-9999-1090)] 지침 전달: 연소기 노즐 이상 우려 및 압력 제어 문제 발생. 즉시 점검 필요.
[2026-07-11 18:04:48] [📞 TTS VOICE CALL INITIATED] [Recipient: 이대리 대리 (010-9999-1040)] 지침 전달: 연소기 노즐 이상 우려, 즉시 점검 필요합니다.
[2026-07-11 18:04:55] [📞 TTS VOICE CALL INITIATED] [Recipient: 이대리 대리 (010-9999-1052)] 지침 전달: 엔진 #52에서 연소기 압력 이상 및 배기 가스 온도 이상이 감지되었습니다. 즉각 점검이 필요합니다.
[2026-07-11 18:07:01] [🚨 EMERGENCY SLACK ALERT] [Channel: #mro-zone-a] 엔진 #3 경보: 유닛 #3 위험 상태 'danger' 이탈 (연소기 노즐 마모 이상 우려) (예측 RUL: 18.0)
[2026-07-11 18:07:01] [🚨 EMERGENCY SLACK ALERT] [Channel: #mro-zone-a] 엔진 #3 경보: 유닛 #3 위험 상태 'danger' 이탈 (연소기 노즐 마모 이상 우려) (예측 RUL: 18.0)
[2026-07-11 18:07:01] [📞 TTS VOICE CALL INITIATED] [Recipient: 김정비 과장 (010-9999-1009)] 지침 전달: 유닛 #9 위험 상태 'danger' 이탈 (연소기 노즐 마모, 연소기 출구 압력 이상 우려) (예측 RUL: 15.0)
[2026-07-11 18:08:18] [📞 TTS VOICE CALL INITIATED] [Recipient: 김정비 과장 (010-9999-1066)] 지침 전달: 엔진 #66 연소기 노즐 및 압력 이상 우려, 즉시 점검 필요.
[2026-07-11 18:08:18] [📞 TTS VOICE CALL INITIATED] [Recipient: 이대리 대리 (010-9999-1049)] 지침 전달: 엔진 #49의 연소기 압력 이상과 연소기 노즐 문제로 즉각 점검이 필요합니다.
[2026-07-11 18:08:18] [📞 TTS VOICE CALL INITIATED] [Recipient: 김정비 과장 (010-9999-1042)] 지침 전달: 연소기 노즐 이상 우려 및 압력 제어 문제 발생. 즉시 점검 필요.
[2026-07-11 18:08:18] [📞 TTS VOICE CALL INITIATED] [Recipient: 박팀장 팀장 (010-9999-1068)] 지침 전달: 연소기 노즐 이상 우려, 즉시 점검 필요합니다.
[2026-07-11 18:08:18] [📞 TTS VOICE CALL INITIATED] [Recipient: 박팀장 팀장 (010-9999-1092)] 지침 전달: 연소기 노즐 이상 우려 및 압력 제어 문제 발생. 즉시 점검 필요.
[2026-07-11 18:08:18] [📞 TTS VOICE CALL INITIATED] [Recipient: 박팀장 팀장 (010-9999-1056)] 지침 전달: 엔진 #56에서 연료 시스템 이상이 감지되었습니다. 즉시 점검이 필요합니다.
[2026-07-11 18:08:18] [📞 TTS VOICE CALL INITIATED] [Recipient: 박팀장 팀장 (010-9999-1035)] 지침 전달: 엔진 #35에서 연소기 압력 이상과 연소기 노즐 이상이 감지되었습니다. 즉각 점검이 필요합니다.
[2026-07-11 18:08:18] [📞 TTS VOICE CALL INITIATED] [Recipient: 이대리 대리 (010-9999-1031)] 지침 전달: 엔진 #31의 연소기 노즐 이상과 압력 제어 문제로 긴급 점검이 필요합니다.
[2026-07-11 18:08:19] [📞 TTS VOICE CALL INITIATED] [Recipient: 이대리 대리 (010-9999-1082)] 지침 전달: 엔진 #82의 연소기 노즐 이상과 압력 제어 문제로 긴급 점검이 필요합니다.
[2026-07-11 18:08:19] [📞 TTS VOICE CALL INITIATED] [Recipient: 김정비 과장 (010-9999-1036)] 지침 전달: 연소기(Combustor) 노즐 이상 우려, 즉시 점검 필요.
[2026-07-11 18:08:19] [📞 TTS VOICE CALL INITIATED] [Recipient: 김정비 과장 (010-9999-1081)] 지침 전달: 엔진 #81의 연소기 압력 이상 및 노즐 문제로 긴급 점검이 필요합니다.
[2026-07-11 18:08:19] [📞 TTS VOICE CALL INITIATED] [Recipient: 이대리 대리 (010-9999-1034)] 지침 전달: 연소기 노즐 이상 우려 및 압력 제어 문제 발생. 즉시 점검 필요.
[2026-07-11 18:08:19] [📞 TTS VOICE CALL INITIATED] [Recipient: 이대리 대리 (010-9999-1076)] 지침 전달: 엔진 #76의 연소기 압력 이상과 노즐 문제로 긴급 점검이 필요합니다.
[2026-07-11 18:08:19] [📞 TTS VOICE CALL INITIATED] [Recipient: 박팀장 팀장 (010-9999-1020)] 지침 전달: 엔진 #20의 연소기 노즐 이상 우려 및 압력 제어 문제 발생. 즉시 점검 필요.
[2026-07-11 18:08:21] [📞 TTS VOICE CALL INITIATED] [Recipient: 이대리 대리 (010-9999-1100)] 지침 전달: 엔진 #100의 압축기(Compressor) 이상과 연료 시스템(Fuel System) 문제로 즉각 점검이 필요합니다.
[2026-07-11 18:08:34] [📞 TTS VOICE CALL INITIATED] [Recipient: 이대리 대리 (010-9999-1091)] 지침 전달: 연소기 노즐 이상 우려 및 압력 제어 문제 발생. 즉시 점검 필요.
[2026-07-11 18:08:39] [📞 TTS VOICE CALL INITIATED] [Recipient: 김정비 과장 (010-9999-1024)] 지침 전달: 엔진 #24 연소기 압력 이상 및 냉각 시스템 문제 발생. 즉각 점검 필요.
[2026-07-12 14:37:28] [🚨 EMERGENCY SLACK ALERT] [Channel: #mro-zone-a] 엔진 #3 경보: 유닛 #3 위험 상태 'danger' 이탈 (연소기 노즐 마모 이상 우려) (예측 RUL: 18.0)
[2026-07-12 14:37:28] [🚨 EMERGENCY SLACK ALERT] [Channel: #mro-zone-a] 엔진 #3 경보: 유닛 #3 위험 상태 'danger' 이탈 (연소기 노즐 마모 이상 우려) (예측 RUL: 18.0)
[2026-07-12 14:37:28] [📞 TTS VOICE CALL INITIATED] [Recipient: 김정비 과장 (010-9999-1009)] 지침 전달: 유닛 #9 위험 상태 'danger' 이탈 (연소기 노즐 마모, 연소기 출구 압력 이상 우려) (예측 RUL: 15.0)
[2026-07-12 14:41:06] [🚨 EMERGENCY SLACK ALERT] [Channel: #mro-zone-a] 엔진 #3 경보: 유닛 #3 위험 상태 'danger' 이탈 (연소기 노즐 마모 이상 우려) (예측 RUL: 18.0)
[2026-07-12 14:41:06] [🚨 EMERGENCY SLACK ALERT] [Channel: #mro-zone-a] 엔진 #3 경보: 유닛 #3 위험 상태 'danger' 이탈 (연소기 노즐 마모 이상 우려) (예측 RUL: 18.0)
[2026-07-12 14:41:06] [📞 TTS VOICE CALL INITIATED] [Recipient: 김정비 과장 (010-9999-1009)] 지침 전달: 유닛 #9 위험 상태 'danger' 이탈 (연소기 노즐 마모, 연소기 출구 압력 이상 우려) (예측 RUL: 15.0)
[2026-07-12 14:42:50] [📞 TTS VOICE CALL INITIATED] [Recipient: 이대리 대리 (010-9999-1034)] 지침 전달: 연소기 노즐 이상 우려 및 압력 제어 문제 발생. 즉시 점검 필요.
[2026-07-12 14:42:50] [📞 TTS VOICE CALL INITIATED] [Recipient: 박팀장 팀장 (010-9999-1020)] 지침 전달: 연소기 노즐 이상 우려 및 압력 제어 문제 발생. 즉시 점검 필요.
[2026-07-12 14:42:50] [📞 TTS VOICE CALL INITIATED] [Recipient: 김정비 과장 (010-9999-1066)] 지침 전달: 엔진 #66의 연소기 압력 이상 및 노즐 문제로 긴급 점검이 필요합니다.
[2026-07-12 14:42:50] [📞 TTS VOICE CALL INITIATED] [Recipient: 김정비 과장 (010-9999-1036)] 지침 전달: 연소기 노즐 및 압력 제어 이상 우려, 즉시 점검 필요.
[2026-07-12 14:42:50] [📞 TTS VOICE CALL INITIATED] [Recipient: 박팀장 팀장 (010-9999-1056)] 지침 전달: 엔진 #56에서 연료 시스템 이상이 감지되었습니다. 즉각 점검이 필요합니다.
[2026-07-12 14:42:50] [📞 TTS VOICE CALL INITIATED] [Recipient: 박팀장 팀장 (010-9999-1035)] 지침 전달: 엔진 #35에서 연소기 노즐 이상 우려와 함께 연소기 압력 제어 및 배기 시스템 이상이 감지되었습니다. 즉각 점검이 필요합니다.
[2026-07-12 14:42:50] [📞 TTS VOICE CALL INITIATED] [Recipient: 박팀장 팀장 (010-9999-1092)] 지침 전달: 연소기 노즐 이상 우려 및 압력 제어 문제 발생. 즉시 점검 필요.
[2026-07-12 14:42:50] [📞 TTS VOICE CALL INITIATED] [Recipient: 이대리 대리 (010-9999-1082)] 지침 전달: 엔진 #82의 연소기 노즐 이상과 관련된 긴급 점검이 필요합니다. 즉시 확인 바랍니다.
[2026-07-12 14:42:50] [📞 TTS VOICE CALL INITIATED] [Recipient: 박팀장 팀장 (010-9999-1068)] 지침 전달: 연소기 노즐 이상 우려 및 압력 제어 문제 발생. 즉시 점검 필요.
[2026-07-12 14:42:50] [📞 TTS VOICE CALL INITIATED] [Recipient: 이대리 대리 (010-9999-1031)] 지침 전달: 엔진 #31의 연소기 노즐 이상 및 압력 제어 문제로 즉각 점검이 필요합니다.
[2026-07-12 14:42:50] [📞 TTS VOICE CALL INITIATED] [Recipient: 김정비 과장 (010-9999-1081)] 지침 전달: 엔진 #81의 연소기 노즐 이상과 연소기 압력 제어 이상이 감지되었습니다. 즉각 점검이 필요합니다.
[2026-07-12 14:42:50] [📞 TTS VOICE CALL INITIATED] [Recipient: 이대리 대리 (010-9999-1076)] 지침 전달: 엔진 #76의 연소기 노즐 이상과 연소기 압력 제어 문제로 즉각 점검이 필요합니다.
[2026-07-12 14:42:50] [📞 TTS VOICE CALL INITIATED] [Recipient: 김정비 과장 (010-9999-1042)] 지침 전달: 연소기 노즐 이상 우려 및 압력 제어 문제 발생. 즉시 점검 필요.
[2026-07-12 14:42:51] [📞 TTS VOICE CALL INITIATED] [Recipient: 이대리 대리 (010-9999-1049)] 지침 전달: 엔진 #49의 연소기 노즐 이상과 연소기 압력 제어 문제로 즉각 점검이 필요합니다.
[2026-07-12 14:48:10] [📞 TTS VOICE CALL INITIATED] [Recipient: 이대리 대리 (010-9999-1100)] 지침 전달: 엔진 #100의 연료 압력 이상 및 배기 가스 온도 이상이 감지되었습니다. 즉각 점검이 필요합니다.
[2026-07-12 14:53:07] [📞 TTS VOICE CALL INITIATED] [Recipient: 이대리 대리 (010-9999-1091)] 지침 전달: 연소기 노즐 이상 우려 및 압력 제어 문제 발생. 즉시 점검 필요.
[2026-07-12 14:53:40] [📞 TTS VOICE CALL INITIATED] [Recipient: 김정비 과장 (010-9999-1024)] 지침 전달: 엔진 #24 연소기 압력 이상 및 배기 가스 온도 이상 우려, 즉시 점검 필요.
[2026-07-12 15:29:21] [🚨 EMERGENCY SLACK ALERT] [Channel: #mro-zone-a] 엔진 #3 경보: 유닛 #3 위험 상태 'danger' 이탈 (연소기 노즐 마모 이상 우려) (예측 RUL: 18.0)
[2026-07-12 15:29:21] [🚨 EMERGENCY SLACK ALERT] [Channel: #mro-zone-a] 엔진 #3 경보: 유닛 #3 위험 상태 'danger' 이탈 (연소기 노즐 마모 이상 우려) (예측 RUL: 18.0)
[2026-07-12 15:29:21] [📞 TTS VOICE CALL INITIATED] [Recipient: 김정비 과장 (010-9999-1009)] 지침 전달: 유닛 #9 위험 상태 'danger' 이탈 (연소기 노즐 마모, 연소기 출구 압력 이상 우려) (예측 RUL: 15.0)
[2026-07-12 15:41:03] [📞 TTS VOICE CALL INITIATED] [Recipient: 박팀장 팀장 (010-9999-1056)] 지침 전달: 엔진 #56에서 연료 시스템 이상 감지. 즉각 점검 필요.
[2026-07-12 15:41:03] [📞 TTS VOICE CALL INITIATED] [Recipient: 박팀장 팀장 (010-9999-1068)] 지침 전달: 연소기 노즐 이상 우려 및 압력 제어 문제 발생. 즉각 점검 필요.
[2026-07-12 15:41:03] [📞 TTS VOICE CALL INITIATED] [Recipient: 박팀장 팀장 (010-9999-1092)] 지침 전달: 연소기 노즐 이상 우려, 즉시 점검 필요합니다.
[2026-07-12 15:41:03] [📞 TTS VOICE CALL INITIATED] [Recipient: 김정비 과장 (010-9999-1066)] 지침 전달: 엔진 #66 연소기 압력 이상 및 노즐 문제 발생, 즉시 점검 필요.
[2026-07-12 15:41:03] [📞 TTS VOICE CALL INITIATED] [Recipient: 박팀장 팀장 (010-9999-1020)] 지침 전달: 연소기 노즐 이상 우려 및 압력 제어 문제 발생. 즉시 점검 필요.
[2026-07-12 15:41:03] [📞 TTS VOICE CALL INITIATED] [Recipient: 김정비 과장 (010-9999-1042)] 지침 전달: 연소기 노즐 이상 우려 및 압력 제어 문제 발생. 즉시 점검 필요.
[2026-07-12 15:41:03] [📞 TTS VOICE CALL INITIATED] [Recipient: 김정비 과장 (010-9999-1036)] 지침 전달: 엔진 #36에서 연소기 노즐 이상과 압력 제어 문제 발생. 즉각 점검 필요.
[2026-07-12 15:41:03] [📞 TTS VOICE CALL INITIATED] [Recipient: 이대리 대리 (010-9999-1034)] 지침 전달: 연소기 노즐 이상 우려 및 압력 제어 문제 발생. 즉시 점검 필요.
[2026-07-12 15:41:04] [📞 TTS VOICE CALL INITIATED] [Recipient: 이대리 대리 (010-9999-1082)] 지침 전달: 엔진 #82에서 연소기 노즐 이상과 압력 제어 문제 발생. 즉각 점검 필요.
[2026-07-12 15:41:04] [📞 TTS VOICE CALL INITIATED] [Recipient: 이대리 대리 (010-9999-1049)] 지침 전달: 엔진 #49의 연소기 노즐 이상과 압력 제어 문제로 긴급 점검이 필요합니다.
[2026-07-12 15:41:04] [📞 TTS VOICE CALL INITIATED] [Recipient: 박팀장 팀장 (010-9999-1035)] 지침 전달: 엔진 #35에서 연소기 노즐 이상과 연소기 압력 이상이 감지되었습니다. 즉각 점검이 필요합니다.
[2026-07-12 15:41:04] [📞 TTS VOICE CALL INITIATED] [Recipient: 이대리 대리 (010-9999-1031)] 지침 전달: 엔진 #31의 연소기 노즐 이상과 연소기 압력 제어 이상이 감지되었습니다. 즉각 점검이 필요합니다.
[2026-07-12 15:41:04] [📞 TTS VOICE CALL INITIATED] [Recipient: 이대리 대리 (010-9999-1076)] 지침 전달: 엔진 #76에서 연소기 노즐 이상과 연소기 압력 제어 이상이 감지되었습니다. 즉각 점검이 필요합니다.
[2026-07-12 15:41:04] [📞 TTS VOICE CALL INITIATED] [Recipient: 김정비 과장 (010-9999-1081)] 지침 전달: 엔진 #81의 연소기 압력 이상 및 노즐 문제로 즉각 점검이 필요합니다.
[2026-07-12 15:44:47] [🚨 EMERGENCY SLACK ALERT] [Channel: #mro-zone-a] 엔진 #3 경보: 유닛 #3 위험 상태 'danger' 이탈 (연소기 노즐 마모 이상 우려) (예측 RUL: 18.0)
[2026-07-12 15:44:47] [🚨 EMERGENCY SLACK ALERT] [Channel: #mro-zone-a] 엔진 #3 경보: 유닛 #3 위험 상태 'danger' 이탈 (연소기 노즐 마모 이상 우려) (예측 RUL: 18.0)
[2026-07-12 15:44:47] [📞 TTS VOICE CALL INITIATED] [Recipient: 김정비 과장 (010-9999-1009)] 지침 전달: 유닛 #9 위험 상태 'danger' 이탈 (연소기 노즐 마모, 연소기 출구 압력 이상 우려) (예측 RUL: 15.0)
[2026-07-12 15:46:37] [📞 TTS VOICE CALL INITIATED] [Recipient: 박팀장 팀장 (010-9999-1068)] 지침 전달: 연소기 노즐 이상 우려 및 압력 제어 문제 발생. 즉시 점검 필요.
[2026-07-12 15:46:37] [📞 TTS VOICE CALL INITIATED] [Recipient: 박팀장 팀장 (010-9999-1092)] 지침 전달: 연소기 노즐 이상 우려 및 압력 제어 문제 발생. 즉시 점검 필요.
[2026-07-12 15:46:37] [📞 TTS VOICE CALL INITIATED] [Recipient: 박팀장 팀장 (010-9999-1056)] 지침 전달: 엔진 #56에서 연료 시스템 이상이 감지되었습니다. 즉각 점검이 필요합니다.
[2026-07-12 15:46:37] [📞 TTS VOICE CALL INITIATED] [Recipient: 박팀장 팀장 (010-9999-1020)] 지침 전달: 연소기 노즐 이상 우려 및 압력 제어 문제 발생. 즉시 점검 필요.
[2026-07-12 15:46:37] [📞 TTS VOICE CALL INITIATED] [Recipient: 이대리 대리 (010-9999-1049)] 지침 전달: 엔진 #49에서 연소기 노즐 이상과 압력 제어 문제 발생. 즉시 점검 필요.
[2026-07-12 15:46:37] [📞 TTS VOICE CALL INITIATED] [Recipient: 이대리 대리 (010-9999-1031)] 지침 전달: 엔진 #31의 연소기 노즐 이상과 압력 제어 문제로 즉각 점검이 필요합니다.
[2026-07-12 15:46:38] [📞 TTS VOICE CALL INITIATED] [Recipient: 김정비 과장 (010-9999-1081)] 지침 전달: 엔진 #81의 연소기 압력 이상 및 노즐 문제로 긴급 점검이 필요합니다.
[2026-07-12 15:46:38] [📞 TTS VOICE CALL INITIATED] [Recipient: 이대리 대리 (010-9999-1082)] 지침 전달: 엔진 #82에서 연소기 노즐 이상과 연소기 압력 제어 이상이 감지되었습니다. 즉각 점검이 필요합니다.
[2026-07-12 15:46:38] [📞 TTS VOICE CALL INITIATED] [Recipient: 이대리 대리 (010-9999-1076)] 지침 전달: 엔진 #76에서 연소기 노즐 이상과 연소기 압력 제어 이상이 감지되었습니다. 즉각 점검이 필요합니다.
[2026-07-12 15:46:38] [📞 TTS VOICE CALL INITIATED] [Recipient: 김정비 과장 (010-9999-1042)] 지침 전달: 연소기 노즐 이상 우려 및 압력 제어 문제 발생. 즉시 점검 필요.
[2026-07-12 15:46:38] [📞 TTS VOICE CALL INITIATED] [Recipient: 이대리 대리 (010-9999-1034)] 지침 전달: 연소기 노즐 이상 우려 및 압력 제어 문제 발생. 즉시 점검 필요.
[2026-07-12 15:46:38] [📞 TTS VOICE CALL INITIATED] [Recipient: 박팀장 팀장 (010-9999-1035)] 지침 전달: 엔진 #35의 연소기 노즐 이상과 연소기 압력 제어 이상이 감지되었습니다. 즉각 점검이 필요합니다.
[2026-07-12 15:46:38] [📞 TTS VOICE CALL INITIATED] [Recipient: 김정비 과장 (010-9999-1036)] 지침 전달: 엔진 #36의 연소기 노즐 및 압력 제어 이상이 감지되었습니다. 즉각 점검이 필요합니다.
[2026-07-12 15:46:38] [📞 TTS VOICE CALL INITIATED] [Recipient: 김정비 과장 (010-9999-1066)] 지침 전달: 엔진 #66 연소기 노즐 이상 우려 및 연소기 압력 제어 문제 발생. 즉시 점검 필요.
[2026-07-12 15:48:19] [📞 TTS VOICE CALL INITIATED] [Recipient: 이대리 대리 (010-9999-1100)] 지침 전달: 엔진 #100에서 연소기 압력 이상 및 냉각 시스템 문제 발생. 즉각 점검 필요.
[2026-07-12 15:51:41] [🚨 EMERGENCY SLACK ALERT] [Channel: #mro-zone-a] 엔진 #3 경보: 유닛 #3 위험 상태 'danger' 이탈 (연소기 노즐 마모 이상 우려) (예측 RUL: 18.0)
[2026-07-12 15:51:41] [🚨 EMERGENCY SLACK ALERT] [Channel: #mro-zone-a] 엔진 #3 경보: 유닛 #3 위험 상태 'danger' 이탈 (연소기 노즐 마모 이상 우려) (예측 RUL: 18.0)
[2026-07-12 15:51:41] [📞 TTS VOICE CALL INITIATED] [Recipient: 김정비 과장 (010-9999-1009)] 지침 전달: 유닛 #9 위험 상태 'danger' 이탈 (연소기 노즐 마모, 연소기 출구 압력 이상 우려) (예측 RUL: 15.0)
[2026-07-12 15:53:16] [📞 TTS VOICE CALL INITIATED] [Recipient: 이대리 대리 (010-9999-1091)] 지침 전달: 엔진 #91 연소기 노즐 이상 우려 및 압력 제어 문제 발생. 즉시 점검 필요.
[2026-07-12 15:53:17] [🚨 EMERGENCY SLACK ALERT] [Channel: #mro-zone-a] 엔진 #3 경보: 유닛 #3 위험 상태 'danger' 이탈 (연소기 노즐 마모 이상 우려) (예측 RUL: 18.0)
[2026-07-12 15:53:17] [🚨 EMERGENCY SLACK ALERT] [Channel: #mro-zone-a] 엔진 #3 경보: 유닛 #3 위험 상태 'danger' 이탈 (연소기 노즐 마모 이상 우려) (예측 RUL: 18.0)
[2026-07-12 15:53:17] [📞 TTS VOICE CALL INITIATED] [Recipient: 김정비 과장 (010-9999-1009)] 지침 전달: 유닛 #9 위험 상태 'danger' 이탈 (연소기 노즐 마모, 연소기 출구 압력 이상 우려) (예측 RUL: 15.0)
[2026-07-12 15:53:50] [📞 TTS VOICE CALL INITIATED] [Recipient: 김정비 과장 (010-9999-1024)] 지침 전달: 엔진 #24의 압축기(Compressor) 및 연소기(Combustor) 이상이 감지되었습니다. 즉각 점검이 필요합니다.
[2026-07-12 16:51:53] [🚨 EMERGENCY SLACK ALERT] [Channel: #mro-zone-a] 엔진 #3 경보: 유닛 #3 위험 상태 'danger' 이탈 (연소기 노즐 마모 이상 우려) (예측 RUL: 18.0)
[2026-07-12 16:51:53] [🚨 EMERGENCY SLACK ALERT] [Channel: #mro-zone-a] 엔진 #3 경보: 유닛 #3 위험 상태 'danger' 이탈 (연소기 노즐 마모 이상 우려) (예측 RUL: 18.0)
[2026-07-12 16:51:53] [📞 TTS VOICE CALL INITIATED] [Recipient: 김정비 과장 (010-9999-1009)] 지침 전달: 유닛 #9 위험 상태 'danger' 이탈 (연소기 노즐 마모, 연소기 출구 압력 이상 우려) (예측 RUL: 15.0)
[2026-07-12 16:53:20] [📞 TTS VOICE CALL INITIATED] [Recipient: 이대리 대리 (010-9999-1082)] 지침 전달: 엔진 #82에서 연소기 노즐 이상과 압력 제어 문제 발생. 즉각 점검 필요.
[2026-07-12 16:53:20] [📞 TTS VOICE CALL INITIATED] [Recipient: 이대리 대리 (010-9999-1034)] 지침 전달: 연소기 노즐 이상 우려 및 압력 제어 문제 발생. 즉시 점검 필요.
[2026-07-12 16:53:20] [📞 TTS VOICE CALL INITIATED] [Recipient: 김정비 과장 (010-9999-1042)] 지침 전달: 연소기 노즐 이상 우려 및 압력 제어 문제 발생. 즉시 점검 필요.
[2026-07-12 16:53:20] [📞 TTS VOICE CALL INITIATED] [Recipient: 박팀장 팀장 (010-9999-1068)] 지침 전달: 연소기 노즐 이상 우려 및 압력 제어 문제 발생. 즉시 점검 필요.
[2026-07-12 16:53:20] [📞 TTS VOICE CALL INITIATED] [Recipient: 박팀장 팀장 (010-9999-1020)] 지침 전달: 연소기 노즐 이상 우려 및 연소기 압력 제어 문제 발생. 즉시 점검 필요.
[2026-07-12 16:53:20] [📞 TTS VOICE CALL INITIATED] [Recipient: 이대리 대리 (010-9999-1031)] 지침 전달: 엔진 #31의 연소기 노즐 이상과 압력 제어 문제로 즉각 점검이 필요합니다.
[2026-07-12 16:53:20] [📞 TTS VOICE CALL INITIATED] [Recipient: 박팀장 팀장 (010-9999-1092)] 지침 전달: 연소기 노즐 이상 우려 및 압력 제어 문제 발생. 즉시 점검 필요.
[2026-07-12 16:53:20] [📞 TTS VOICE CALL INITIATED] [Recipient: 박팀장 팀장 (010-9999-1056)] 지침 전달: 엔진 #56에서 연료 시스템 이상이 감지되었습니다. 즉시 점검이 필요합니다.
[2026-07-12 16:53:20] [📞 TTS VOICE CALL INITIATED] [Recipient: 박팀장 팀장 (010-9999-1035)] 지침 전달: 엔진 #35 연소기 노즐 이상 우려, 즉각 점검 필요합니다.
[2026-07-12 16:53:20] [📞 TTS VOICE CALL INITIATED] [Recipient: 이대리 대리 (010-9999-1049)] 지침 전달: 엔진 #49 연소기 노즐 이상 우려 및 연소기 압력 제어 이상 발생. 즉각 점검 필요.
[2026-07-12 16:53:20] [📞 TTS VOICE CALL INITIATED] [Recipient: 이대리 대리 (010-9999-1076)] 지침 전달: 엔진 #76에서 연소기 노즐 이상과 연소기 압력 제어 이상이 감지되었습니다. 즉각 점검이 필요합니다.
[2026-07-12 16:53:20] [📞 TTS VOICE CALL INITIATED] [Recipient: 김정비 과장 (010-9999-1081)] 지침 전달: 엔진 #81 연소기 압력 이상 및 노즐 문제 발생. 즉시 점검 필요.
[2026-07-12 16:53:21] [📞 TTS VOICE CALL INITIATED] [Recipient: 김정비 과장 (010-9999-1036)] 지침 전달: 엔진 #36의 연소기 노즐 이상과 압력 제어 문제 발생. 즉시 점검 필요.
[2026-07-12 16:53:21] [📞 TTS VOICE CALL INITIATED] [Recipient: 김정비 과장 (010-9999-1066)] 지침 전달: 엔진 #66의 연소기 압력 이상 및 노즐 문제로 즉각 점검이 필요합니다.
[2026-07-12 16:55:03] [📞 TTS VOICE CALL INITIATED] [Recipient: 이대리 대리 (010-9999-1100)] 지침 전달: 엔진 #100에서 연료 압력 이상 감지. 즉각 점검 필요.
[2026-07-12 16:55:03] [🚨 EMERGENCY SLACK ALERT] [Channel: #mro-zone-a] 엔진 #3 경보: 유닛 #3 위험 상태 'danger' 이탈 (연소기 노즐 마모 이상 우려) (예측 RUL: 18.0)
[2026-07-12 16:55:03] [🚨 EMERGENCY SLACK ALERT] [Channel: #mro-zone-a] 엔진 #3 경보: 유닛 #3 위험 상태 'danger' 이탈 (연소기 노즐 마모 이상 우려) (예측 RUL: 18.0)
[2026-07-12 16:55:03] [📞 TTS VOICE CALL INITIATED] [Recipient: 김정비 과장 (010-9999-1009)] 지침 전달: 유닛 #9 위험 상태 'danger' 이탈 (연소기 노즐 마모, 연소기 출구 압력 이상 우려) (예측 RUL: 15.0)
